빌드 시작: 2015-04-17 오전 9:55:07
     1>2 노드의 "c:\Users\LeeEuiRi\documents\visual studio 2010\Projects\algorithmProblem\algorithmProblem\algorithmProblem.vcxproj" 프로젝트(build 대상)입니다.
     1>InitializeBuildStatus:
         "AlwaysCreate"이(가) 지정되었기 때문에 "Debug\algorithmProblem.unsuccessfulbuild"을(를) 만들고 있습니다.
       ClCompile:
         C:\Program Files\Microsoft Visual Studio 10.0\VC\bin\CL.exe /c /ZI /nologo /W3 /WX- /Od /Oy- /D WIN32 /D _DEBUG /D _CONSOLE /D _UNICODE /D UNICODE /Gm /EHsc /RTC1 /MDd /GS /fp:precise /Zc:wchar_t /Zc:forScope /Fo"Debug\\" /Fd"Debug\vc100.pdb" /Gd /TP /analyze- /errorReport:prompt "9012_괄호.cpp"
         9012_괄호.cpp
     1>c:\users\leeeuiri\documents\visual studio 2010\projects\algorithmproblem\algorithmproblem\9012_괄호.cpp(25): warning C4018: '<' : signed 또는 unsigned가 일치하지 않습니다.
     1>c:\users\leeeuiri\documents\visual studio 2010\projects\algorithmproblem\algorithmproblem\9012_괄호.cpp(30): warning C4018: '<' : signed 또는 unsigned가 일치하지 않습니다.
     1>c:\users\leeeuiri\documents\visual studio 2010\projects\algorithmproblem\algorithmproblem\9012_괄호.cpp(58): warning C4018: '<' : signed 또는 unsigned가 일치하지 않습니다.
       Link:
         C:\Program Files\Microsoft Visual Studio 10.0\VC\bin\link.exe /ERRORREPORT:PROMPT /OUT:"c:\users\leeeuiri\documents\visual studio 2010\Projects\algorithmProblem\Debug\algorithmProblem.exe" /INCREMENTAL /NOLOGO kernel32.lib user32.lib gdi32.lib winspool.lib comdlg32.lib advapi32.lib shell32.lib ole32.lib oleaut32.lib uuid.lib odbc32.lib odbccp32.lib /MANIFEST /ManifestFile:"Debug\algorithmProblem.exe.intermediate.manifest" /MANIFESTUAC:"level='asInvoker' uiAccess='false'" /DEBUG /PDB:"c:\users\leeeuiri\documents\visual studio 2010\Projects\algorithmProblem\Debug\algorithmProblem.pdb" /SUBSYSTEM:CONSOLE /TLBID:1 /DYNAMICBASE /NXCOMPAT /IMPLIB:"c:\users\leeeuiri\documents\visual studio 2010\Projects\algorithmProblem\Debug\algorithmProblem.lib" /MACHINE:X86 "Debug\9012_괄호.obj"
         algorithmProblem.vcxproj -> c:\users\leeeuiri\documents\visual studio 2010\Projects\algorithmProblem\Debug\algorithmProblem.exe
       Manifest:
         C:\Program Files\Microsoft SDKs\Windows\v7.0A\bin\mt.exe /nologo /verbose /out:"c:\users\leeeuiri\documents\visual studio 2010\Projects\algorithmProblem\Debug\algorithmProblem.exe.manifest" /manifest Debug\algorithmProblem.exe.intermediate.manifest
       FinalizeBuildStatus:
         "Debug\algorithmProblem.unsuccessfulbuild" 파일을 삭제하고 있습니다.
         "Debug\algorithmProblem.lastbuildstate"에 연결(touching)하고 있습니다.
     1>"c:\Users\LeeEuiRi\documents\visual studio 2010\Projects\algorithmProblem\algorithmProblem\algorithmProblem.vcxproj" 프로젝트를 빌드했습니다(build 대상).

빌드했습니다.

경과 시간: 00:00:00.52
